
 NX   Running target serve for project api-api and 1 task it depends on:



> nx run api-api:build:production

chunk (runtime: main) [1m[32mmain.js[39m[22m (main) 44.1 KiB [1m[33m[entry][39m[22m [1m[32m[rendered][39m[22m
webpack compiled [1m[32msuccessfully[39m[22m (c812fe76eed928f9)

> nx run api-api:serve:development

chunk (runtime: main) [1m[32mmain.js[39m[22m (main) 44.1 KiB [1m[33m[entry][39m[22m [1m[32m[rendered][39m[22m
webpack compiled [1m[32msuccessfully[39m[22m (0cf602edccfa6db0)
[1m[31mDebugger listening on ws://localhost:9229/8394d56d-9701-4393-b222-bb7b6d4bf2b7[39m[22m
[1m[31mDebugger listening on ws://localhost:9229/8394d56d-9701-4393-b222-bb7b6d4bf2b7[39m[22m
[1m[31mFor help, see: https://nodejs.org/en/docs/inspector[39m[22m
[1m[31m[39m[22m
[32m[Nest] 90850  - [39m06/04/2025, 3:11:20 PM [32m    LOG[39m [38;5;3m[NestFactory] [39m[32mStarting Nest application...[39m
[32m[Nest] 90850  - [39m06/04/2025, 3:11:20 PM [32m    LOG[39m [38;5;3m[InstanceLoader] [39m[32mAppModule dependencies initialized[39m[38;5;3m +17ms[39m
[32m[Nest] 90850  - [39m06/04/2025, 3:11:20 PM [32m    LOG[39m [38;5;3m[InstanceLoader] [39m[32mTypeOrmModule dependencies initialized[39m[38;5;3m +0ms[39m
[32m[Nest] 90850  - [39m06/04/2025, 3:11:20 PM [32m    LOG[39m [38;5;3m[InstanceLoader] [39m[32mTasksModule dependencies initialized[39m[38;5;3m +0ms[39m
[90m[4mquery:[24m[39m [94mPRAGMA[0m [37mforeign_keys[0m [37m=[0m [37mOFF[0m
[90m[4mquery:[24m[39m [94mBEGIN[0m [37mTRANSACTION[0m
[90m[4mquery:[24m[39m [94mSELECT[0m [37m*[0m [94mFROM[0m [37m"sqlite_master"[0m [94mWHERE[0m [37m"type"[0m [37m=[0m [37m'table'[0m [94mAND[0m [37m"name"[0m [94mIN[0m [37m([0m[37m'task'[0m[37m,[0m[37m'organization'[0m[37m,[0m[37m'user'[0m[37m,[0m[37m'audit_log'[0m[37m)[0m
[90m[4mquery:[24m[39m [94mSELECT[0m [37m*[0m [94mFROM[0m [37m"sqlite_master"[0m [94mWHERE[0m [37m"type"[0m [37m=[0m [37m'index'[0m [94mAND[0m [37m"tbl_name"[0m [94mIN[0m [37m([0m[37m'task'[0m[37m,[0m[37m'organization'[0m[37m,[0m[37m'user'[0m[37m,[0m[37m'audit_log'[0m[37m)[0m
[90m[4mquery:[24m[39m [94mSELECT[0m [37m*[0m [94mFROM[0m [37m"sqlite_master"[0m [94mWHERE[0m [37m"type"[0m [37m=[0m [37m'table'[0m [94mAND[0m [37m"name"[0m [37m=[0m [37m'typeorm_metadata'[0m
[90m[4mquery:[24m[39m [94mCREATE[0m [94mTABLE[0m [37m"task"[0m [37m([0m[37m"id"[0m [94minteger[0m [94mPRIMARY KEY[0m [37mAUTOINCREMENT[0m [94mNOT[0m [94mNULL[0m[37m,[0m [37m"title"[0m [94mvarchar[0m [94mNOT[0m [94mNULL[0m[37m,[0m [37m"description"[0m [94mvarchar[0m [94mNOT[0m [94mNULL[0m[37m,[0m [37m"status"[0m [94mvarchar[0m [94mCHECK[0m[37m([0m [37m"status"[0m [94mIN[0m [37m([0m[37m'todo'[0m[37m,[0m[37m'in-progress'[0m[37m,[0m[37m'done'[0m[37m)[0m [37m)[0m [94mNOT[0m [94mNULL[0m [94mDEFAULT[0m [37m([0m[37m'todo'[0m[37m)[0m[37m,[0m [37m"createdAt"[0m [94mdatetime[0m [94mNOT[0m [94mNULL[0m [94mDEFAULT[0m [37m([0m[37mCURRENT_TIMESTAMP[0m[37m)[0m[37m,[0m [37m"updatedAt"[0m [94mdatetime[0m [94mNOT[0m [94mNULL[0m [94mDEFAULT[0m [37m([0m[37mCURRENT_TIMESTAMP[0m[37m)[0m[37m,[0m [37m"ownerId"[0m [94minteger[0m[37m,[0m [37m"organizationId"[0m [94minteger[0m[37m)[0m
[90m[4mquery:[24m[39m [94mCREATE[0m [94mTABLE[0m [37m"organization"[0m [37m([0m[37m"id"[0m [94minteger[0m [94mPRIMARY KEY[0m [37mAUTOINCREMENT[0m [94mNOT[0m [94mNULL[0m[37m,[0m [37m"name"[0m [94mvarchar[0m [94mNOT[0m [94mNULL[0m[37m,[0m [37m"createdAt"[0m [94mdatetime[0m [94mNOT[0m [94mNULL[0m [94mDEFAULT[0m [37m([0m[37mCURRENT_TIMESTAMP[0m[37m)[0m[37m,[0m [37m"updatedAt"[0m [94mdatetime[0m [94mNOT[0m [94mNULL[0m [94mDEFAULT[0m [37m([0m[37mCURRENT_TIMESTAMP[0m[37m)[0m[37m,[0m [37m"parentOrgId"[0m [94minteger[0m[37m)[0m
[90m[4mquery:[24m[39m [94mCREATE[0m [94mTABLE[0m [37m"user"[0m [37m([0m[37m"id"[0m [94minteger[0m [94mPRIMARY KEY[0m [37mAUTOINCREMENT[0m [94mNOT[0m [94mNULL[0m[37m,[0m [37m"name"[0m [94mvarchar[0m [94mNOT[0m [94mNULL[0m[37m,[0m [37m"email"[0m [94mvarchar[0m [94mNOT[0m [94mNULL[0m[37m,[0m [37m"password"[0m [94mvarchar[0m [94mNOT[0m [94mNULL[0m[37m,[0m [37m"role"[0m [94mvarchar[0m [94mCHECK[0m[37m([0m [37m"role"[0m [94mIN[0m [37m([0m[37m'Owner'[0m[37m,[0m[37m'Admin'[0m[37m,[0m[37m'Viewer'[0m[37m)[0m [37m)[0m [94mNOT[0m [94mNULL[0m [94mDEFAULT[0m [37m([0m[37m'Viewer'[0m[37m)[0m[37m,[0m [37m"createdAt"[0m [94mdatetime[0m [94mNOT[0m [94mNULL[0m [94mDEFAULT[0m [37m([0m[37mCURRENT_TIMESTAMP[0m[37m)[0m[37m,[0m [37m"updatedAt"[0m [94mdatetime[0m [94mNOT[0m [94mNULL[0m [94mDEFAULT[0m [37m([0m[37mCURRENT_TIMESTAMP[0m[37m)[0m[37m,[0m [37m"organizationId"[0m [94minteger[0m[37m,[0m [94mCONSTRAINT[0m [37m"UQ_e12875dfb3b1d92d7d7c5377e22"[0m [94mUNIQUE[0m [37m([0m[37m"email"[0m[37m)[0m[37m)[0m
[90m[4mquery:[24m[39m [94mCREATE[0m [94mTABLE[0m [37m"audit_log"[0m [37m([0m[37m"id"[0m [94minteger[0m [94mPRIMARY KEY[0m [37mAUTOINCREMENT[0m [94mNOT[0m [94mNULL[0m[37m,[0m [37m"userId"[0m [94minteger[0m [94mNOT[0m [94mNULL[0m[37m,[0m [37m"action"[0m [94mvarchar[0m [94mCHECK[0m[37m([0m [37m"action"[0m [94mIN[0m [37m([0m[37m'CREATE'[0m[37m,[0m[37m'UPDATE'[0m[37m,[0m[37m'DELETE'[0m[37m)[0m [37m)[0m [94mNOT[0m [94mNULL[0m[37m,[0m [37m"timestamp"[0m [94mdatetime[0m [94mNOT[0m [94mNULL[0m [94mDEFAULT[0m [37m([0m[37mCURRENT_TIMESTAMP[0m[37m)[0m[37m,[0m [37m"taskId"[0m [94minteger[0m[37m,[0m [37m"details"[0m [94mtext[0m [94mNOT[0m [94mNULL[0m[37m,[0m [37m"organizationId"[0m [94minteger[0m [94mNOT[0m [94mNULL[0m[37m)[0m
[90m[4mquery:[24m[39m [94mCREATE[0m [94mTABLE[0m [37m"temporary_task"[0m [37m([0m[37m"id"[0m [94minteger[0m [94mPRIMARY KEY[0m [37mAUTOINCREMENT[0m [94mNOT[0m [94mNULL[0m[37m,[0m [37m"title"[0m [94mvarchar[0m [94mNOT[0m [94mNULL[0m[37m,[0m [37m"description"[0m [94mvarchar[0m [94mNOT[0m [94mNULL[0m[37m,[0m [37m"status"[0m [94mvarchar[0m [94mCHECK[0m[37m([0m [37m"status"[0m [94mIN[0m [37m([0m[37m'todo'[0m[37m,[0m[37m'in-progress'[0m[37m,[0m[37m'done'[0m[37m)[0m [37m)[0m [94mNOT[0m [94mNULL[0m [94mDEFAULT[0m [37m([0m[37m'todo'[0m[37m)[0m[37m,[0m [37m"createdAt"[0m [94mdatetime[0m [94mNOT[0m [94mNULL[0m [94mDEFAULT[0m [37m([0m[37mCURRENT_TIMESTAMP[0m[37m)[0m[37m,[0m [37m"updatedAt"[0m [94mdatetime[0m [94mNOT[0m [94mNULL[0m [94mDEFAULT[0m [37m([0m[37mCURRENT_TIMESTAMP[0m[37m)[0m[37m,[0m [37m"ownerId"[0m [94minteger[0m[37m,[0m [37m"organizationId"[0m [94minteger[0m[37m,[0m [94mCONSTRAINT[0m [37m"FK_a132ba8200c3abdc271d4a701d8"[0m [94mFOREIGN KEY[0m [37m([0m[37m"ownerId"[0m[37m)[0m [94mREFERENCES[0m [37m"user"[0m [37m([0m[37m"id"[0m[37m)[0m [94mON[0m [94mDELETE[0m [37mNO[0m [37mACTION[0m [94mON[0m [94mUPDATE[0m [37mNO[0m [37mACTION[0m[37m,[0m [94mCONSTRAINT[0m [37m"FK_5b0272d923a31c972bed1a1ac4d"[0m [94mFOREIGN KEY[0m [37m([0m[37m"organizationId"[0m[37m)[0m [94mREFERENCES[0m [37m"organization"[0m [37m([0m[37m"id"[0m[37m)[0m [94mON[0m [94mDELETE[0m [37mNO[0m [37mACTION[0m [94mON[0m [94mUPDATE[0m [37mNO[0m [37mACTION[0m[37m)[0m
[90m[4mquery:[24m[39m [94mINSERT INTO[0m [37m"temporary_task"[0m[37m([0m[37m"id"[0m[37m,[0m [37m"title"[0m[37m,[0m [37m"description"[0m[37m,[0m [37m"status"[0m[37m,[0m [37m"createdAt"[0m[37m,[0m [37m"updatedAt"[0m[37m,[0m [37m"ownerId"[0m[37m,[0m [37m"organizationId"[0m[37m)[0m [94mSELECT[0m [37m"id"[0m[37m,[0m [37m"title"[0m[37m,[0m [37m"description"[0m[37m,[0m [37m"status"[0m[37m,[0m [37m"createdAt"[0m[37m,[0m [37m"updatedAt"[0m[37m,[0m [37m"ownerId"[0m[37m,[0m [37m"organizationId"[0m [94mFROM[0m [37m"task"[0m
[90m[4mquery:[24m[39m [94mDROP[0m [94mTABLE[0m [37m"task"[0m
[90m[4mquery:[24m[39m [94mALTER[0m [94mTABLE[0m [37m"temporary_task"[0m [37mRENAME[0m [94mTO[0m [37m"task"[0m
[90m[4mquery:[24m[39m [94mCREATE[0m [94mTABLE[0m [37m"temporary_organization"[0m [37m([0m[37m"id"[0m [94minteger[0m [94mPRIMARY KEY[0m [37mAUTOINCREMENT[0m [94mNOT[0m [94mNULL[0m[37m,[0m [37m"name"[0m [94mvarchar[0m [94mNOT[0m [94mNULL[0m[37m,[0m [37m"createdAt"[0m [94mdatetime[0m [94mNOT[0m [94mNULL[0m [94mDEFAULT[0m [37m([0m[37mCURRENT_TIMESTAMP[0m[37m)[0m[37m,[0m [37m"updatedAt"[0m [94mdatetime[0m [94mNOT[0m [94mNULL[0m [94mDEFAULT[0m [37m([0m[37mCURRENT_TIMESTAMP[0m[37m)[0m[37m,[0m [37m"parentOrgId"[0m [94minteger[0m[37m,[0m [94mCONSTRAINT[0m [37m"FK_f06eded1ef32e1f467de229e302"[0m [94mFOREIGN KEY[0m [37m([0m[37m"parentOrgId"[0m[37m)[0m [94mREFERENCES[0m [37m"organization"[0m [37m([0m[37m"id"[0m[37m)[0m [94mON[0m [94mDELETE[0m [37mNO[0m [37mACTION[0m [94mON[0m [94mUPDATE[0m [37mNO[0m [37mACTION[0m[37m)[0m
[90m[4mquery:[24m[39m [94mINSERT INTO[0m [37m"temporary_organization"[0m[37m([0m[37m"id"[0m[37m,[0m [37m"name"[0m[37m,[0m [37m"createdAt"[0m[37m,[0m [37m"updatedAt"[0m[37m,[0m [37m"parentOrgId"[0m[37m)[0m [94mSELECT[0m [37m"id"[0m[37m,[0m [37m"name"[0m[37m,[0m [37m"createdAt"[0m[37m,[0m [37m"updatedAt"[0m[37m,[0m [37m"parentOrgId"[0m [94mFROM[0m [37m"organization"[0m
[90m[4mquery:[24m[39m [94mDROP[0m [94mTABLE[0m [37m"organization"[0m
[90m[4mquery:[24m[39m [94mALTER[0m [94mTABLE[0m [37m"temporary_organization"[0m [37mRENAME[0m [94mTO[0m [37m"organization"[0m
[90m[4mquery:[24m[39m [94mCREATE[0m [94mTABLE[0m [37m"temporary_user"[0m [37m([0m[37m"id"[0m [94minteger[0m [94mPRIMARY KEY[0m [37mAUTOINCREMENT[0m [94mNOT[0m [94mNULL[0m[37m,[0m [37m"name"[0m [94mvarchar[0m [94mNOT[0m [94mNULL[0m[37m,[0m [37m"email"[0m [94mvarchar[0m [94mNOT[0m [94mNULL[0m[37m,[0m [37m"password"[0m [94mvarchar[0m [94mNOT[0m [94mNULL[0m[37m,[0m [37m"role"[0m [94mvarchar[0m [94mCHECK[0m[37m([0m [37m"role"[0m [94mIN[0m [37m([0m[37m'Owner'[0m[37m,[0m[37m'Admin'[0m[37m,[0m[37m'Viewer'[0m[37m)[0m [37m)[0m [94mNOT[0m [94mNULL[0m [94mDEFAULT[0m [37m([0m[37m'Viewer'[0m[37m)[0m[37m,[0m [37m"createdAt"[0m [94mdatetime[0m [94mNOT[0m [94mNULL[0m [94mDEFAULT[0m [37m([0m[37mCURRENT_TIMESTAMP[0m[37m)[0m[37m,[0m [37m"updatedAt"[0m [94mdatetime[0m [94mNOT[0m [94mNULL[0m [94mDEFAULT[0m [37m([0m[37mCURRENT_TIMESTAMP[0m[37m)[0m[37m,[0m [37m"organizationId"[0m [94minteger[0m[37m,[0m [94mCONSTRAINT[0m [37m"UQ_e12875dfb3b1d92d7d7c5377e22"[0m [94mUNIQUE[0m [37m([0m[37m"email"[0m[37m)[0m[37m,[0m [94mCONSTRAINT[0m [37m"FK_dfda472c0af7812401e592b6a61"[0m [94mFOREIGN KEY[0m [37m([0m[37m"organizationId"[0m[37m)[0m [94mREFERENCES[0m [37m"organization"[0m [37m([0m[37m"id"[0m[37m)[0m [94mON[0m [94mDELETE[0m [37mNO[0m [37mACTION[0m [94mON[0m [94mUPDATE[0m [37mNO[0m [37mACTION[0m[37m)[0m
[90m[4mquery:[24m[39m [94mINSERT INTO[0m [37m"temporary_user"[0m[37m([0m[37m"id"[0m[37m,[0m [37m"name"[0m[37m,[0m [37m"email"[0m[37m,[0m [37m"password"[0m[37m,[0m [37m"role"[0m[37m,[0m [37m"createdAt"[0m[37m,[0m [37m"updatedAt"[0m[37m,[0m [37m"organizationId"[0m[37m)[0m [94mSELECT[0m [37m"id"[0m[37m,[0m [37m"name"[0m[37m,[0m [37m"email"[0m[37m,[0m [37m"password"[0m[37m,[0m [37m"role"[0m[37m,[0m [37m"createdAt"[0m[37m,[0m [37m"updatedAt"[0m[37m,[0m [37m"organizationId"[0m [94mFROM[0m [37m"user"[0m
[90m[4mquery:[24m[39m [94mDROP[0m [94mTABLE[0m [37m"user"[0m
[90m[4mquery:[24m[39m [94mALTER[0m [94mTABLE[0m [37m"temporary_user"[0m [37mRENAME[0m [94mTO[0m [37m"user"[0m
[90m[4mquery:[24m[39m [94mCREATE[0m [94mTABLE[0m [37m"temporary_audit_log"[0m [37m([0m[37m"id"[0m [94minteger[0m [94mPRIMARY KEY[0m [37mAUTOINCREMENT[0m [94mNOT[0m [94mNULL[0m[37m,[0m [37m"userId"[0m [94minteger[0m [94mNOT[0m [94mNULL[0m[37m,[0m [37m"action"[0m [94mvarchar[0m [94mCHECK[0m[37m([0m [37m"action"[0m [94mIN[0m [37m([0m[37m'CREATE'[0m[37m,[0m[37m'UPDATE'[0m[37m,[0m[37m'DELETE'[0m[37m)[0m [37m)[0m [94mNOT[0m [94mNULL[0m[37m,[0m [37m"timestamp"[0m [94mdatetime[0m [94mNOT[0m [94mNULL[0m [94mDEFAULT[0m [37m([0m[37mCURRENT_TIMESTAMP[0m[37m)[0m[37m,[0m [37m"taskId"[0m [94minteger[0m[37m,[0m [37m"details"[0m [94mtext[0m [94mNOT[0m [94mNULL[0m[37m,[0m [37m"organizationId"[0m [94minteger[0m [94mNOT[0m [94mNULL[0m[37m,[0m [94mCONSTRAINT[0m [37m"FK_36279d1f26f4a280fa4fa4eb3af"[0m [94mFOREIGN KEY[0m [37m([0m[37m"organizationId"[0m[37m)[0m [94mREFERENCES[0m [37m"organization"[0m [37m([0m[37m"id"[0m[37m)[0m [94mON[0m [94mDELETE[0m [37mNO[0m [37mACTION[0m [94mON[0m [94mUPDATE[0m [37mNO[0m [37mACTION[0m[37m)[0m
[90m[4mquery:[24m[39m [94mINSERT INTO[0m [37m"temporary_audit_log"[0m[37m([0m[37m"id"[0m[37m,[0m [37m"userId"[0m[37m,[0m [37m"action"[0m[37m,[0m [37m"timestamp"[0m[37m,[0m [37m"taskId"[0m[37m,[0m [37m"details"[0m[37m,[0m [37m"organizationId"[0m[37m)[0m [94mSELECT[0m [37m"id"[0m[37m,[0m [37m"userId"[0m[37m,[0m [37m"action"[0m[37m,[0m [37m"timestamp"[0m[37m,[0m [37m"taskId"[0m[37m,[0m [37m"details"[0m[37m,[0m [37m"organizationId"[0m [94mFROM[0m [37m"audit_log"[0m
[90m[4mquery:[24m[39m [94mDROP[0m [94mTABLE[0m [37m"audit_log"[0m
[90m[4mquery:[24m[39m [94mALTER[0m [94mTABLE[0m [37m"temporary_audit_log"[0m [37mRENAME[0m [94mTO[0m [37m"audit_log"[0m
[90m[4mquery:[24m[39m [94mCOMMIT[0m
[90m[4mquery:[24m[39m [94mPRAGMA[0m [37mforeign_keys[0m [37m=[0m [94mON[0m
[32m[Nest] 90850  - [39m06/04/2025, 3:11:20 PM [32m    LOG[39m [38;5;3m[InstanceLoader] [39m[32mTypeOrmCoreModule dependencies initialized[39m[38;5;3m +29ms[39m
[32m[Nest] 90850  - [39m06/04/2025, 3:11:20 PM [32m    LOG[39m [38;5;3m[InstanceLoader] [39m[32mTypeOrmModule dependencies initialized[39m[38;5;3m +0ms[39m
[32m[Nest] 90850  - [39m06/04/2025, 3:11:20 PM [32m    LOG[39m [38;5;3m[InstanceLoader] [39m[32mTypeOrmModule dependencies initialized[39m[38;5;3m +0ms[39m
[32m[Nest] 90850  - [39m06/04/2025, 3:11:20 PM [32m    LOG[39m [38;5;3m[InstanceLoader] [39m[32mTypeOrmModule dependencies initialized[39m[38;5;3m +0ms[39m
[32m[Nest] 90850  - [39m06/04/2025, 3:11:20 PM [32m    LOG[39m [38;5;3m[InstanceLoader] [39m[32mAuditLogModule dependencies initialized[39m[38;5;3m +0ms[39m
[32m[Nest] 90850  - [39m06/04/2025, 3:11:20 PM [32m    LOG[39m [38;5;3m[InstanceLoader] [39m[32mOrganizationsModule dependencies initialized[39m[38;5;3m +0ms[39m
[32m[Nest] 90850  - [39m06/04/2025, 3:11:20 PM [32m    LOG[39m [38;5;3m[InstanceLoader] [39m[32mTempUsersModule dependencies initialized[39m[38;5;3m +0ms[39m
[32m[Nest] 90850  - [39m06/04/2025, 3:11:20 PM [32m    LOG[39m [38;5;3m[RoutesResolver] [39m[32mTasksController {/api/tasks}:[39m[38;5;3m +2ms[39m
[32m[Nest] 90850  - [39m06/04/2025, 3:11:20 PM [32m    LOG[39m [38;5;3m[RouterExplorer] [39m[32mMapped {/api/tasks, POST} route[39m[38;5;3m +1ms[39m
[32m[Nest] 90850  - [39m06/04/2025, 3:11:20 PM [32m    LOG[39m [38;5;3m[RouterExplorer] [39m[32mMapped {/api/tasks, GET} route[39m[38;5;3m +0ms[39m
[32m[Nest] 90850  - [39m06/04/2025, 3:11:20 PM [32m    LOG[39m [38;5;3m[RouterExplorer] [39m[32mMapped {/api/tasks/:id, GET} route[39m[38;5;3m +1ms[39m
[32m[Nest] 90850  - [39m06/04/2025, 3:11:20 PM [32m    LOG[39m [38;5;3m[RouterExplorer] [39m[32mMapped {/api/tasks/:id, PUT} route[39m[38;5;3m +0ms[39m
[32m[Nest] 90850  - [39m06/04/2025, 3:11:20 PM [32m    LOG[39m [38;5;3m[RouterExplorer] [39m[32mMapped {/api/tasks/:id, DELETE} route[39m[38;5;3m +0ms[39m
[32m[Nest] 90850  - [39m06/04/2025, 3:11:20 PM [32m    LOG[39m [38;5;3m[RoutesResolver] [39m[32mOrganizationsController {/api/organizations}:[39m[38;5;3m +0ms[39m
[32m[Nest] 90850  - [39m06/04/2025, 3:11:20 PM [32m    LOG[39m [38;5;3m[RouterExplorer] [39m[32mMapped {/api/organizations, POST} route[39m[38;5;3m +0ms[39m
[32m[Nest] 90850  - [39m06/04/2025, 3:11:20 PM [32m    LOG[39m [38;5;3m[RouterExplorer] [39m[32mMapped {/api/organizations/sub-organizations, GET} route[39m[38;5;3m +0ms[39m
[32m[Nest] 90850  - [39m06/04/2025, 3:11:20 PM [32m    LOG[39m [38;5;3m[RouterExplorer] [39m[32mMapped {/api/organizations/:id, GET} route[39m[38;5;3m +0ms[39m
[32m[Nest] 90850  - [39m06/04/2025, 3:11:20 PM [32m    LOG[39m [38;5;3m[RouterExplorer] [39m[32mMapped {/api/organizations/:id, PUT} route[39m[38;5;3m +1ms[39m
[32m[Nest] 90850  - [39m06/04/2025, 3:11:20 PM [32m    LOG[39m [38;5;3m[RouterExplorer] [39m[32mMapped {/api/organizations/:id, DELETE} route[39m[38;5;3m +0ms[39m
[32m[Nest] 90850  - [39m06/04/2025, 3:11:20 PM [32m    LOG[39m [38;5;3m[RoutesResolver] [39m[32mTempUsersController {/api/users}:[39m[38;5;3m +0ms[39m
[32m[Nest] 90850  - [39m06/04/2025, 3:11:20 PM [32m    LOG[39m [38;5;3m[RouterExplorer] [39m[32mMapped {/api/users, POST} route[39m[38;5;3m +0ms[39m
[32m[Nest] 90850  - [39m06/04/2025, 3:11:20 PM [32m    LOG[39m [38;5;3m[RouterExplorer] [39m[32mMapped {/api/users, GET} route[39m[38;5;3m +0ms[39m
[32m[Nest] 90850  - [39m06/04/2025, 3:11:20 PM [32m    LOG[39m [38;5;3m[NestApplication] [39m[32mNest application successfully started[39m[38;5;3m +1ms[39m
[32m[Nest] 90850  - [39m06/04/2025, 3:11:20 PM [32m    LOG[39m [32m🚀 Application is running on: http://localhost:3001/api[39m
[32m[Nest] 90850  - [39m06/04/2025, 3:11:20 PM [32m    LOG[39m [32mCORS enabled for: http://localhost:4200[39m
[32m[Nest] 90850  - [39m06/04/2025, 3:11:22 PM [32m    LOG[39m [32m[API] GET /api[39m
[32m[Nest] 90850  - [39m06/04/2025, 3:11:24 PM [32m    LOG[39m [32m[API] GET /api[39m
[32m[Nest] 90850  - [39m06/04/2025, 3:11:26 PM [32m    LOG[39m [32m[API] GET /api[39m
[32m[Nest] 90850  - [39m06/04/2025, 3:11:28 PM [32m    LOG[39m [32m[API] GET /api[39m
[32m[Nest] 90850  - [39m06/04/2025, 3:11:30 PM [32m    LOG[39m [32m[API] GET /api[39m
[32m[Nest] 90850  - [39m06/04/2025, 3:11:32 PM [32m    LOG[39m [32m[API] GET /api[39m
[32m[Nest] 90850  - [39m06/04/2025, 3:11:34 PM [32m    LOG[39m [32m[API] GET /api[39m
[32m[Nest] 90850  - [39m06/04/2025, 3:11:36 PM [32m    LOG[39m [32m[API] GET /api[39m
[32m[Nest] 90850  - [39m06/04/2025, 3:11:38 PM [32m    LOG[39m [32m[API] GET /api[39m
[32m[Nest] 90850  - [39m06/04/2025, 3:11:40 PM [32m    LOG[39m [32m[API] GET /api[39m
[32m[Nest] 90850  - [39m06/04/2025, 3:11:42 PM [32m    LOG[39m [32m[API] GET /api[39m
[32m[Nest] 90850  - [39m06/04/2025, 3:11:44 PM [32m    LOG[39m [32m[API] GET /api[39m
[32m[Nest] 90850  - [39m06/04/2025, 3:11:46 PM [32m    LOG[39m [32m[API] GET /api[39m
[32m[Nest] 90850  - [39m06/04/2025, 3:11:48 PM [32m    LOG[39m [32m[API] GET /api[39m
[32m[Nest] 90850  - [39m06/04/2025, 3:11:50 PM [32m    LOG[39m [32m[API] GET /api[39m
[32m[Nest] 90850  - [39m06/04/2025, 3:11:52 PM [32m    LOG[39m [32m[API] GET /api[39m
[32m[Nest] 90850  - [39m06/04/2025, 3:11:54 PM [32m    LOG[39m [32m[API] GET /api[39m
[32m[Nest] 90850  - [39m06/04/2025, 3:11:56 PM [32m    LOG[39m [32m[API] GET /api[39m
[32m[Nest] 90850  - [39m06/04/2025, 3:11:58 PM [32m    LOG[39m [32m[API] GET /api[39m
[32m[Nest] 90850  - [39m06/04/2025, 3:12:00 PM [32m    LOG[39m [32m[API] GET /api[39m
[32m[Nest] 90850  - [39m06/04/2025, 3:12:02 PM [32m    LOG[39m [32m[API] GET /api[39m
[32m[Nest] 90850  - [39m06/04/2025, 3:12:04 PM [32m    LOG[39m [32m[API] GET /api[39m
[32m[Nest] 90850  - [39m06/04/2025, 3:12:06 PM [32m    LOG[39m [32m[API] GET /api[39m
[32m[Nest] 90850  - [39m06/04/2025, 3:12:08 PM [32m    LOG[39m [32m[API] GET /api[39m
[32m[Nest] 90850  - [39m06/04/2025, 3:12:10 PM [32m    LOG[39m [32m[API] GET /api[39m
[32m[Nest] 90850  - [39m06/04/2025, 3:12:12 PM [32m    LOG[39m [32m[API] GET /api[39m
[32m[Nest] 90850  - [39m06/04/2025, 3:12:14 PM [32m    LOG[39m [32m[API] GET /api[39m
[32m[Nest] 90850  - [39m06/04/2025, 3:12:16 PM [32m    LOG[39m [32m[API] GET /api[39m
